Wednesday, November 18, 2015 15:50:24RangeError: Maximum call stack size exceeded
Wednesday, November 18, 2015 15:52:13RangeError: Maximum call stack size exceeded
Wednesday, November 18, 2015 15:54:46RangeError: Maximum call stack size exceeded
Wednesday, November 18, 2015 15:59:49RangeError: Maximum call stack size exceeded
Wednesday, November 18, 2015 16:01:16RangeError: Maximum call stack size exceeded
Wednesday, November 18, 2015 16:06:31RangeError: Maximum call stack size exceeded
Wednesday, November 18, 2015 16:44:06RangeError: Maximum call stack size exceeded
Wednesday, November 18, 2015 16:44:38RangeError: Maximum call stack size exceeded
Wednesday, November 18, 2015 17:26:21AssertionError: expected 'USER_ACCESS_DENIED' to equal undefined
Wednesday, November 18, 2015 17:26:23AssertionError: expected 'NO_BUILDING_SELECTED' to equal undefined
Wednesday, November 18, 2015 17:26:25AssertionError: expected 'FOLDER_NOT_EXIST' to equal undefined
Wednesday, November 18, 2015 17:26:27AssertionError: expected 'FOLDER_2D_NOT_EXIST' to equal undefined
Wednesday, November 18, 2015 17:26:29AssertionError: expected 'FOLDER_2D_IS_EMPTY' to equal undefined
Wednesday, November 18, 2015 17:26:31AssertionError: expected 'MISSING_2D_GEOMETRIES' to equal undefined
Thursday, November 26, 2015 10:48:02AssertionError: expected 'USER_ACCESS_DENIED' to equal undefined
Thursday, November 26, 2015 10:48:04AssertionError: expected 'NO_BUILDING_SELECTED' to equal undefined
Thursday, November 26, 2015 10:48:06AssertionError: expected 'FOLDER_NOT_EXIST' to equal undefined
Thursday, November 26, 2015 10:48:08AssertionError: expected 'FOLDER_2D_NOT_EXIST' to equal undefined
Thursday, November 26, 2015 10:48:10AssertionError: expected 'FOLDER_2D_IS_EMPTY' to equal undefined
Thursday, November 26, 2015 10:48:12AssertionError: expected 'MISSING_2D_GEOMETRIES' to equal undefined
Thursday, November 26, 2015 11:08:20AssertionError: expected 'USER_ACCESS_DENIED' to equal undefined
Thursday, November 26, 2015 11:08:22AssertionError: expected 'NO_BUILDING_SELECTED' to equal undefined
Thursday, November 26, 2015 11:08:24AssertionError: expected 'FOLDER_NOT_EXIST' to equal undefined
Thursday, November 26, 2015 11:08:26AssertionError: expected 'FOLDER_2D_NOT_EXIST' to equal undefined
Thursday, November 26, 2015 11:08:28AssertionError: expected 'FOLDER_2D_IS_EMPTY' to equal undefined
Thursday, November 26, 2015 11:08:30AssertionError: expected 'MISSING_2D_GEOMETRIES' to equal undefined
Thursday, November 26, 2015 11:09:19AssertionError: expected 'USER_ACCESS_DENIED' to equal undefined
Thursday, November 26, 2015 11:09:21AssertionError: expected 'NO_BUILDING_SELECTED' to equal undefined
Thursday, November 26, 2015 11:09:40AssertionError: expected 'USER_ACCESS_DENIED' to equal undefined
Thursday, November 26, 2015 11:09:42AssertionError: expected 'NO_BUILDING_SELECTED' to equal undefined
Thursday, November 26, 2015 11:09:44AssertionError: expected 'FOLDER_NOT_EXIST' to equal undefined
Thursday, November 26, 2015 11:09:46AssertionError: expected 'FOLDER_2D_NOT_EXIST' to equal undefined
Thursday, November 26, 2015 11:09:48AssertionError: expected 'FOLDER_2D_IS_EMPTY' to equal undefined
Thursday, November 26, 2015 11:09:50AssertionError: expected 'MISSING_2D_GEOMETRIES' to equal undefined
Thursday, November 26, 2015 11:22:31AssertionError: expected 'USER_ACCESS_DENIED' to equal undefined
Thursday, November 26, 2015 11:22:33AssertionError: expected 'NO_BUILDING_SELECTED' to equal undefined
Thursday, November 26, 2015 11:22:35AssertionError: expected 'FOLDER_NOT_EXIST' to equal undefined
Thursday, November 26, 2015 11:22:37AssertionError: expected 'FOLDER_2D_NOT_EXIST' to equal undefined
Thursday, November 26, 2015 11:22:39AssertionError: expected 'FOLDER_2D_IS_EMPTY' to equal undefined
Thursday, November 26, 2015 11:22:41AssertionError: expected 'MISSING_2D_GEOMETRIES' to equal undefined
Thursday, November 26, 2015 11:22:57AssertionError: expected 'USER_ACCESS_DENIED' to equal undefined
Thursday, November 26, 2015 11:22:59AssertionError: expected 'NO_BUILDING_SELECTED' to equal undefined
Thursday, November 26, 2015 11:23:01AssertionError: expected 'FOLDER_NOT_EXIST' to equal undefined
Thursday, November 26, 2015 11:23:03AssertionError: expected 'FOLDER_2D_NOT_EXIST' to equal undefined
Thursday, November 26, 2015 11:23:05AssertionError: expected 'USER_ACCESS_DENIED' to equal undefined
Thursday, November 26, 2015 11:23:07AssertionError: expected 'NO_BUILDING_SELECTED' to equal undefined
Thursday, November 26, 2015 11:23:09AssertionError: expected 'FOLDER_NOT_EXIST' to equal undefined
Thursday, November 26, 2015 11:23:11AssertionError: expected 'FOLDER_2D_NOT_EXIST' to equal undefined
Thursday, November 26, 2015 11:23:13AssertionError: expected 'FOLDER_2D_IS_EMPTY' to equal undefined
Thursday, November 26, 2015 11:23:15AssertionError: expected 'MISSING_2D_GEOMETRIES' to equal undefined
